[debug] [2024-07-10T22:30:21.184Z] ----------------------------------------------------------------------
[debug] [2024-07-10T22:30:21.190Z] Command:       C:\Program Files\nodejs\node.exe C:\Users\tunik\AppData\Roaming\npm\node_modules\firebase-tools\lib\bin\firebase.js init
[debug] [2024-07-10T22:30:21.190Z] CLI Version:   13.13.1
[debug] [2024-07-10T22:30:21.191Z] Platform:      win32
[debug] [2024-07-10T22:30:21.191Z] Node Version:  v20.13.1
[debug] [2024-07-10T22:30:21.191Z] Time:          Thu Jul 11 2024 04:00:21 GMT+0530 (India Standard Time)
[debug] [2024-07-10T22:30:21.191Z] ----------------------------------------------------------------------
[debug] 
[debug] [2024-07-10T22:30:21.204Z] > command requires scopes: ["email","openid","https://www.googleapis.com/auth/cloudplatformprojects.readonly","https://www.googleapis.com/auth/firebase","https://www.googleapis.com/auth/cloud-platform"]
[debug] [2024-07-10T22:30:21.205Z] > authorizing via signed-in user (tunikisaimanikantaa@gmail.com)
[info] 
     ######## #### ########  ######## ########     ###     ######  ########
     ##        ##  ##     ## ##       ##     ##  ##   ##  ##       ##
     ######    ##  ########  ######   ########  #########  ######  ######
     ##        ##  ##    ##  ##       ##     ## ##     ##       ## ##
     ##       #### ##     ## ######## ########  ##     ##  ######  ########

You're about to initialize a Firebase project in this directory:

  G:\web\smartnest

[info] 
=== Project Setup
[info] 
[info] First, let's associate this project directory with a Firebase project.
[info] You can create multiple project aliases by running firebase use --add, 
[info] but for now we'll just set up a default project.
[info] 
[debug] [2024-07-10T22:30:32.057Z] >>> [apiv2][query] GET https://firebase.googleapis.com/v1beta1/projects pageSize=100
[debug] [2024-07-10T22:30:33.070Z] <<< [apiv2][status] GET https://firebase.googleapis.com/v1beta1/projects 200
[debug] [2024-07-10T22:30:33.070Z] <<< [apiv2][body] GET https://firebase.googleapis.com/v1beta1/projects [omitted]
[info] i  Using project smartnest-2099 (SmartNest) 
[info] 
=== Hosting Setup
[debug] [2024-07-10T22:30:38.265Z] >>> [apiv2][query] GET https://firebase.googleapis.com/v1beta1/projects/smartnest-2099 [none]
[debug] [2024-07-10T22:30:38.854Z] <<< [apiv2][status] GET https://firebase.googleapis.com/v1beta1/projects/smartnest-2099 200
[debug] [2024-07-10T22:30:38.854Z] <<< [apiv2][body] GET https://firebase.googleapis.com/v1beta1/projects/smartnest-2099 {"projectId":"smartnest-2099","projectNumber":"498084936617","displayName":"SmartNest","name":"projects/smartnest-2099","resources":{"hostingSite":"smartnest-2099"},"state":"ACTIVE","etag":"1_fb70fc8a-baa6-4ea4-bb38-57fe8d633f07"}
[info] 
[info] Your public directory is the folder (relative to your project directory) that
[info] will contain Hosting assets to be uploaded with firebase deploy. If you
[info] have a build process for your assets, use your build's output directory.
[info] 
[info] +  Wrote build/404.html 
[debug] [2024-07-10T22:31:26.808Z] >>> [apiv2][query] GET https://www.gstatic.com/firebasejs/releases.json [none]
[debug] [2024-07-10T22:31:26.954Z] <<< [apiv2][status] GET https://www.gstatic.com/firebasejs/releases.json 200
[debug] [2024-07-10T22:31:26.955Z] <<< [apiv2][body] GET https://www.gstatic.com/firebasejs/releases.json {"current":{"version":"10.12.3","browserURL":"https://www.gstatic.com/firebasejs/10.12.3/firebase.js","packageURL":"https://www.gstatic.com/firebasejs/10.12.3/firebase.tgz"},"live":{"version":"10.12","browserURL":"https://www.gstatic.com/firebasejs/live/10.12/firebase.js","packageURL":"https://www.gstatic.com/firebasejs/live/10.12/firebase.tgz"},"components":{"analytics":"https://www.gstatic.com/firebasejs/10.12.3/firebase-analytics.js","app":"https://www.gstatic.com/firebasejs/10.12.3/firebase-app.js","app-check":"https://www.gstatic.com/firebasejs/10.12.3/firebase-app-check.js","auth":"https://www.gstatic.com/firebasejs/10.12.3/firebase-auth.js","auth/cordova":"https://www.gstatic.com/firebasejs/10.12.3/firebase-auth/cordova.js","auth/web-extension":"https://www.gstatic.com/firebasejs/10.12.3/firebase-auth/web-extension.js","functions":"https://www.gstatic.com/firebasejs/10.12.3/firebase-functions.js","firestore":"https://www.gstatic.com/firebasejs/10.12.3/firebase-firestore.js","firestore/lite":"https://www.gstatic.com/firebasejs/10.12.3/firebase-firestore/lite.js","installations":"https://www.gstatic.com/firebasejs/10.12.3/firebase-installations.js","storage":"https://www.gstatic.com/firebasejs/10.12.3/firebase-storage.js","performance":"https://www.gstatic.com/firebasejs/10.12.3/firebase-performance.js","remote-config":"https://www.gstatic.com/firebasejs/10.12.3/firebase-remote-config.js","messaging":"https://www.gstatic.com/firebasejs/10.12.3/firebase-messaging.js","messaging/sw":"https://www.gstatic.com/firebasejs/10.12.3/firebase-messaging/sw.js","database":"https://www.gstatic.com/firebasejs/10.12.3/firebase-database.js","vertexai-preview":"https://www.gstatic.com/firebasejs/10.12.3/firebase-vertexai-preview.js","firestore.memory":"https://www.gstatic.com/firebasejs/10.12.3/firebase-firestore.memory.js"}}
[info] i  Skipping write of build/index.html 
[info] 
[info] i  Didn't detect a .git folder. Assuming G:\web\smartnest is the project root. 
[info] i  Authorizing with GitHub to upload your service account to a GitHub repository's secrets store. 
[info] 
[info] Visit this URL on this device to log in:
[info] https://github.com/login/oauth/authorize?client_id=89cf50f02ac6aaed3484&state=248967476&redirect_uri=http%3A%2F%2Flocalhost%3A9005&scope=read%3Auser%20repo%20public_repo
[info] 
[info] Waiting for authentication...
[debug] [2024-07-10T22:32:11.006Z] >>> [apiv2][query] POST https://github.com/login/oauth/access_token [none]
[debug] [2024-07-10T22:32:11.007Z] >>> [apiv2][body] POST https://github.com/login/oauth/access_token [stream]
[debug] [2024-07-10T22:32:11.419Z] <<< [apiv2][status] POST https://github.com/login/oauth/access_token 200
[debug] [2024-07-10T22:32:11.419Z] <<< [apiv2][body] POST https://github.com/login/oauth/access_token {"access_token":"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","token_type":"bearer","scope":"read:user,repo"}
[debug] [2024-07-10T22:32:11.434Z] >>> [apiv2][query] GET https://api.github.com/user [none]
[debug] [2024-07-10T22:32:11.847Z] <<< [apiv2][status] GET https://api.github.com/user 200
[debug] [2024-07-10T22:32:11.848Z] <<< [apiv2][body] GET https://api.github.com/user {"login":"TunikiSaiManikantha","id":148800099,"node_id":"U_kgDOCN6CYw","avatar_url":"https://avatars.githubusercontent.com/u/148800099?v=4","gravatar_id":"","url":"https://api.github.com/users/TunikiSaiManikantha","html_url":"https://github.com/TunikiSaiManikantha","followers_url":"https://api.github.com/users/TunikiSaiManikantha/followers","following_url":"https://api.github.com/users/TunikiSaiManikantha/following{/other_user}","gists_url":"https://api.github.com/users/TunikiSaiManikantha/gists{/gist_id}","starred_url":"https://api.github.com/users/TunikiSaiManikantha/starred{/owner}{/repo}","subscriptions_url":"https://api.github.com/users/TunikiSaiManikantha/subscriptions","organizations_url":"https://api.github.com/users/TunikiSaiManikantha/orgs","repos_url":"https://api.github.com/users/TunikiSaiManikantha/repos","events_url":"https://api.github.com/users/TunikiSaiManikantha/events{/privacy}","received_events_url":"https://api.github.com/users/TunikiSaiManikantha/received_events","type":"User","site_admin":false,"name":"SAI MANIKANTA TUNIKI","company":null,"blog":"","location":null,"email":null,"hireable":null,"bio":null,"twitter_username":null,"public_repos":3,"public_gists":0,"followers":0,"following":0,"created_at":"2023-10-23T17:04:06Z","updated_at":"2024-07-10T22:28:39Z","private_gists":0,"total_private_repos":0,"owned_private_repos":0,"disk_usage":865,"collaborators":0,"two_factor_authentication":false,"plan":{"name":"free","space":976562499,"collaborators":0,"private_repos":10000}}
[info] 
[info] +  Success! Logged into GitHub as TunikiSaiManikantha 
[info] 
